<?xml version="1.0" encoding="utf-8"?><testsuites name="pytest tests"><testsuite name="pytest" errors="0" failures="0" skipped="0" tests="43" time="25.419" timestamp="2026-05-25T05:13:40.527547+00:00" hostname="agent-env-abe9e7ef-a8dc-459d-9c4c-8250fe1bfcfa"><testcase classname="backend.tests.test_haven_backend" name="test_health" time="0.119" /><testcase classname="backend.tests.test_haven_backend.TestAuth" name="test_login_caseworker" time="0.327" /><testcase classname="backend.tests.test_haven_backend.TestAuth" name="test_login_resident" time="0.332" /><testcase classname="backend.tests.test_haven_backend.TestAuth" name="test_login_admin" time="0.344" /><testcase classname="backend.tests.test_haven_backend.TestAuth" name="test_login_invalid" time="0.325" /><testcase classname="backend.tests.test_haven_backend.TestAuth" name="test_register_new_user" time="0.330" /><testcase classname="backend.tests.test_haven_backend.TestAuth" name="test_register_duplicate" time="0.103" /><testcase classname="backend.tests.test_haven_backend.TestAuth" name="test_me" time="0.107" /><testcase classname="backend.tests.test_haven_backend.TestAuth" name="test_me_no_token" time="0.110" /><testcase classname="backend.tests.test_haven_backend.TestCases" name="test_list_cases_caseworker_returns_all" time="0.111" /><testcase classname="backend.tests.test_haven_backend.TestCases" name="test_list_cases_resident_only_own" time="0.108" /><testcase classname="backend.tests.test_haven_backend.TestCases" name="test_case_detail" time="0.204" /><testcase classname="backend.tests.test_haven_backend.TestCases" name="test_case_update_status" time="0.234" /><testcase classname="backend.tests.test_haven_backend.TestCases" name="test_case_claim" time="0.201" /><testcase classname="backend.tests.test_haven_backend.TestCaseOps" name="test_create_task" time="0.544" /><testcase classname="backend.tests.test_haven_backend.TestCaseOps" name="test_list_tasks_by_case" time="0.101" /><testcase classname="backend.tests.test_haven_backend.TestCaseOps" name="test_update_task" time="0.114" /><testcase classname="backend.tests.test_haven_backend.TestCaseOps" name="test_send_message" time="0.108" /><testcase classname="backend.tests.test_haven_backend.TestCaseOps" name="test_list_messages" time="0.112" /><testcase classname="backend.tests.test_haven_backend.TestCaseOps" name="test_upload_document" time="0.104" /><testcase classname="backend.tests.test_haven_backend.TestCaseOps" name="test_verify_document" time="0.122" /><testcase classname="backend.tests.test_haven_backend.TestForms" name="test_list_forms" time="0.108" /><testcase classname="backend.tests.test_haven_backend.TestForms" name="test_create_form" time="0.104" /><testcase classname="backend.tests.test_haven_backend.TestForms" name="test_update_form" time="0.105" /><testcase classname="backend.tests.test_haven_backend.TestForms" name="test_delete_form" time="0.102" /><testcase classname="backend.tests.test_haven_backend" name="test_resources_seeded" time="0.099" /><testcase classname="backend.tests.test_haven_backend.TestAnalytics" name="test_caseworker_analytics" time="0.111" /><testcase classname="backend.tests.test_haven_backend.TestAnalytics" name="test_admin_analytics" time="0.104" /><testcase classname="backend.tests.test_haven_backend.TestBBAI" name="test_bb_intro" time="0.116" /><testcase classname="backend.tests.test_haven_backend.TestBBAI" name="test_bb_chat" time="7.764" /><testcase classname="backend.tests.test_haven_backend.TestBBAI" name="test_bb_chat_crisis_classification" time="9.108" /><testcase classname="backend.tests.test_haven_backend.TestBBAI" name="test_bb_form_analyze" time="0.137" /><testcase classname="backend.tests.test_haven_backend.TestBBAI" name="test_bb_form_autofill" time="0.107" /><testcase classname="backend.tests.test_haven_backend.TestBBAppTracking" name="test_track_and_summary" time="0.333" /><testcase classname="backend.tests.test_haven_backend.TestBBBrowserControl" name="test_start_returned_demo_form" time="1.063" /><testcase classname="backend.tests.test_haven_backend.TestBBBrowserControl" name="test_extract_fields" time="0.188" /><testcase classname="backend.tests.test_haven_backend.TestBBBrowserControl" name="test_fill_single_field" time="0.182" /><testcase classname="backend.tests.test_haven_backend.TestBBBrowserControl" name="test_autofill_all" time="0.162" /><testcase classname="backend.tests.test_haven_backend.TestBBBrowserControl" name="test_screenshot_action" time="0.140" /><testcase classname="backend.tests.test_haven_backend.TestBBBrowserControl" name="test_navigate" time="0.343" /><testcase classname="backend.tests.test_haven_backend.TestRoleEnforcement" name="test_resident_cannot_view_other_case" time="0.306" /><testcase classname="backend.tests.test_haven_backend.TestRoleEnforcement" name="test_resident_cannot_create_task" time="0.226" /><testcase classname="backend.tests.test_haven_backend.TestRoleEnforcement" name="test_resident_cannot_delete_form" time="0.317" /></testsuite></testsuites>